  main.cpp
z:\my documents\projects\cellularautomata\cellularautomata\cell.cpp(1): error C2011: 'Cell': 'class' type redefinition
  z:\my documents\projects\cellularautomata\cellularautomata\cell.cpp(1): note: see declaration of 'Cell'
z:\my documents\projects\cellularautomata\cellularautomata\cell.cpp(20): error C2027: use of undefined type 'Cell'
  z:\my documents\projects\cellularautomata\cellularautomata\cell.cpp(1): note: see declaration of 'Cell'
z:\my documents\projects\cellularautomata\cellularautomata\cell.cpp(21): error C4430: missing type specifier - int assumed. Note: C++ does not support default-int
z:\my documents\projects\cellularautomata\cellularautomata\cell.cpp(22): error C2355: 'this': can only be referenced inside non-static member functions or non-static data member initializers
z:\my documents\projects\cellularautomata\cellularautomata\cell.cpp(22): error C2227: left of '->x' must point to class/struct/union/generic type
z:\my documents\projects\cellularautomata\cellularautomata\cell.cpp(23): error C2355: 'this': can only be referenced inside non-static member functions or non-static data member initializers
z:\my documents\projects\cellularautomata\cellularautomata\cell.cpp(23): error C2227: left of '->y' must point to class/struct/union/generic type
z:\my documents\projects\cellularautomata\cellularautomata\cell.cpp(24): error C2355: 'this': can only be referenced inside non-static member functions or non-static data member initializers
z:\my documents\projects\cellularautomata\cellularautomata\cell.cpp(24): error C2227: left of '->width' must point to class/struct/union/generic type
z:\my documents\projects\cellularautomata\cellularautomata\cell.cpp(25): error C2355: 'this': can only be referenced inside non-static member functions or non-static data member initializers
z:\my documents\projects\cellularautomata\cellularautomata\cell.cpp(25): error C2227: left of '->height' must point to class/struct/union/generic type
z:\my documents\projects\cellularautomata\cellularautomata\cell.cpp(26): error C2355: 'this': can only be referenced inside non-static member functions or non-static data member initializers
z:\my documents\projects\cellularautomata\cellularautomata\cell.cpp(26): error C2227: left of '->status' must point to class/struct/union/generic type
z:\my documents\projects\cellularautomata\cellularautomata\cell.cpp(27): error C2355: 'this': can only be referenced inside non-static member functions or non-static data member initializers
z:\my documents\projects\cellularautomata\cellularautomata\cell.cpp(27): error C2227: left of '->value' must point to class/struct/union/generic type
z:\my documents\projects\cellularautomata\cellularautomata\cell.cpp(28): warning C4508: '{ctor}': function should return a value; 'void' return type assumed
z:\my documents\projects\cellularautomata\cellularautomata\cell.cpp(29): error C2027: use of undefined type 'Cell'
  z:\my documents\projects\cellularautomata\cellularautomata\cell.cpp(1): note: see declaration of 'Cell'
z:\my documents\projects\cellularautomata\cellularautomata\cell.cpp(30): error C2065: 'status': undeclared identifier
z:\my documents\projects\cellularautomata\cellularautomata\cell.cpp(32): error C2027: use of undefined type 'Cell'
  z:\my documents\projects\cellularautomata\cellularautomata\cell.cpp(1): note: see declaration of 'Cell'
z:\my documents\projects\cellularautomata\cellularautomata\cell.cpp(33): error C2065: 'status': undeclared identifier
z:\my documents\projects\cellularautomata\cellularautomata\cell.cpp(35): error C2027: use of undefined type 'Cell'
  z:\my documents\projects\cellularautomata\cellularautomata\cell.cpp(1): note: see declaration of 'Cell'
z:\my documents\projects\cellularautomata\cellularautomata\cell.cpp(36): error C2355: 'this': can only be referenced inside non-static member functions or non-static data member initializers
z:\my documents\projects\cellularautomata\cellularautomata\cell.cpp(36): error C2227: left of '->value' must point to class/struct/union/generic type
z:\my documents\projects\cellularautomata\cellularautomata\cell.cpp(38): error C2027: use of undefined type 'Cell'
  z:\my documents\projects\cellularautomata\cellularautomata\cell.cpp(1): note: see declaration of 'Cell'
z:\my documents\projects\cellularautomata\cellularautomata\cell.cpp(39): error C2065: 'value': undeclared identifier
z:\my documents\projects\cellularautomata\cellularautomata\main.cpp(181): error C2027: use of undefined type 'Cell'
  z:\my documents\projects\cellularautomata\cellularautomata\cell.cpp(1): note: see declaration of 'Cell'
z:\my documents\projects\cellularautomata\cellularautomata\main.cpp(184): error C2027: use of undefined type 'Cell'
  z:\my documents\projects\cellularautomata\cellularautomata\cell.cpp(1): note: see declaration of 'Cell'
z:\my documents\projects\cellularautomata\cellularautomata\main.cpp(184): error C2227: left of '->x' must point to class/struct/union/generic type
z:\my documents\projects\cellularautomata\cellularautomata\main.cpp(184): error C2227: left of '->y' must point to class/struct/union/generic type
z:\my documents\projects\cellularautomata\cellularautomata\main.cpp(184): error C2227: left of '->width' must point to class/struct/union/generic type
z:\my documents\projects\cellularautomata\cellularautomata\main.cpp(184): error C2227: left of '->height' must point to class/struct/union/generic type
